SpeechBrain system description
==============================
Python version:
3.9.4 | packaged by conda-forge | (default, May 10 2021, 22:13:33) 
[GCC 9.3.0]
==============================
Installed Python packages:
anyio @ file:///home/conda/feedstock_root/build_artifacts/anyio_1614388753316/work/dist
appdirs @ file:///home/conda/feedstock_root/build_artifacts/appdirs_1603108395799/work
argon2-cffi @ file:///home/conda/feedstock_root/build_artifacts/argon2-cffi_1610522573621/work
async-generator==1.10
attrs @ file:///home/conda/feedstock_root/build_artifacts/attrs_1620387926260/work
audioread @ file:///home/conda/feedstock_root/build_artifacts/audioread_1607457399635/work
Babel @ file:///home/conda/feedstock_root/build_artifacts/babel_1619719576210/work
backcall @ file:///home/conda/feedstock_root/build_artifacts/backcall_1592338393461/work
backports.functools-lru-cache @ file:///home/conda/feedstock_root/build_artifacts/backports.functools_lru_cache_1618230623929/work
black==19.10b0
bleach @ file:///home/conda/feedstock_root/build_artifacts/bleach_1612213472466/work
blis @ file:///tmp/build/80754af9/cython-blis_1613318563309/work
boto==2.49.0
boto3 @ file:///tmp/build/80754af9/boto3_1613251195608/work
botocore @ file:///home/conda/feedstock_root/build_artifacts/botocore_1613167486404/work
brotlipy==0.7.0
cachetools @ file:///tmp/build/80754af9/cachetools_1619597386817/work
catalogue @ file:///tmp/build/80754af9/catalogue_1619735001336/work
certifi==2021.5.30
cffi @ file:///home/conda/feedstock_root/build_artifacts/cffi_1613413863336/work
cfgv==3.2.0
chardet @ file:///home/conda/feedstock_root/build_artifacts/chardet_1610093492116/work
click @ file:///tmp/build/80754af9/click_1621604852318/work
colorama @ file:///tmp/build/80754af9/colorama_1607707115595/work
cryptography @ file:///home/conda/feedstock_root/build_artifacts/cryptography_1616851485986/work
cycler==0.10.0
cymem @ file:///tmp/build/80754af9/cymem_1613318722340/work
decorator @ file:///home/conda/feedstock_root/build_artifacts/decorator_1618380339289/work
defusedxml @ file:///home/conda/feedstock_root/build_artifacts/defusedxml_1615232257335/work
deprecation @ file:///home/conda/feedstock_root/build_artifacts/deprecation_1589881437857/work
distlib==0.3.1
entrypoints @ file:///home/conda/feedstock_root/build_artifacts/entrypoints_1605121927639/work/dist/entrypoints-0.3-py2.py3-none-any.whl
eyeD3==0.9.5
fastai @ file:///home/jhoward/miniconda3/conda-bld/fastai_1620094451802/work
fastcore @ file:///home/jhoward/miniconda3/conda-bld/fastcore_1620107249908/work
fastprogress @ file:///home/jhoward/anaconda3/conda-bld/fastprogress_1597927594295/work
filelock==3.0.12
filetype==1.0.7
flake8==3.7.9
google-api-core @ file:///C:/ci/google-api-core-split_1613980333946/work
google-auth @ file:///tmp/build/80754af9/google-auth_1600960338579/work
google-cloud-core @ file:///tmp/build/80754af9/google-cloud-core_1613414810663/work
google-cloud-storage @ file:///tmp/build/80754af9/google-cloud-storage_1601307969662/work
google-crc32c @ file:///tmp/build/80754af9/google-crc32c_1612242928148/work
google-resumable-media @ file:///tmp/build/80754af9/google-resumable-media_1621528722302/work
googleapis-common-protos @ file:///tmp/build/80754af9/googleapis-common-protos-feedstock_1617957652138/work
hmmlearn==0.2.2
huggingface-hub==0.0.8
HyperPyYAML==1.0.0
identify==2.2.4
idna @ file:///home/conda/feedstock_root/build_artifacts/idna_1593328102638/work
importlib-metadata @ file:///home/conda/feedstock_root/build_artifacts/importlib-metadata_1619012195603/work
ipykernel @ file:///tmp/build/80754af9/ipykernel_1607452791405/work/dist/ipykernel-5.3.4-py3-none-any.whl
ipython @ file:///home/conda/feedstock_root/build_artifacts/ipython_1620254411259/work
ipython-genutils==0.2.0
jedi @ file:///home/conda/feedstock_root/build_artifacts/jedi_1610146787869/work
Jinja2 @ file:///home/conda/feedstock_root/build_artifacts/jinja2_1612119311452/work
jmespath @ file:///tmp/build/80754af9/jmespath_1594304593830/work
joblib @ file:///home/conda/feedstock_root/build_artifacts/joblib_1612898609989/work
json5 @ file:///home/conda/feedstock_root/build_artifacts/json5_1600692310011/work
jsonschema @ file:///home/conda/feedstock_root/build_artifacts/jsonschema_1614815863336/work
jupyter-client @ file:///home/conda/feedstock_root/build_artifacts/jupyter_client_1615693636836/work
jupyter-core @ file:///home/conda/feedstock_root/build_artifacts/jupyter_core_1612125253154/work
jupyter-packaging @ file:///home/conda/feedstock_root/build_artifacts/jupyter-packaging_1620303554964/work
jupyter-server @ file:///home/conda/feedstock_root/build_artifacts/jupyter_server_1619053257595/work
jupyterlab @ file:///home/conda/feedstock_root/build_artifacts/jupyterlab_1620692337999/work
jupyterlab-pygments @ file:///home/conda/feedstock_root/build_artifacts/jupyterlab_pygments_1601375948261/work
jupyterlab-server @ file:///home/conda/feedstock_root/build_artifacts/jupyterlab_server_1620691779596/work
kiwisolver @ file:///home/conda/feedstock_root/build_artifacts/kiwisolver_1610099772044/work
librosa @ file:///home/conda/feedstock_root/build_artifacts/librosa_1622025601369/work
llvmlite==0.36.0
MarkupSafe @ file:///home/conda/feedstock_root/build_artifacts/markupsafe_1610127590546/work
matplotlib @ file:///home/conda/feedstock_root/build_artifacts/matplotlib-suite_1620506038354/work
matplotlib-inline @ file:///home/conda/feedstock_root/build_artifacts/matplotlib-inline_1618935594181/work
mccabe==0.6.1
mistune @ file:///home/conda/feedstock_root/build_artifacts/mistune_1610112882083/work
mkl-fft==1.3.0
mkl-random @ file:///tmp/build/80754af9/mkl_random_1618853971975/work
mkl-service==2.3.0
more-itertools==8.7.0
murmurhash @ file:///tmp/build/80754af9/murmurhash_1607456132773/work
nbclassic @ file:///home/conda/feedstock_root/build_artifacts/nbclassic_1620737592760/work
nbclient @ file:///home/conda/feedstock_root/build_artifacts/nbclient_1614336084111/work
nbconvert @ file:///home/conda/feedstock_root/build_artifacts/nbconvert_1605401842418/work
nbformat @ file:///home/conda/feedstock_root/build_artifacts/nbformat_1617383142101/work
nest-asyncio @ file:///home/conda/feedstock_root/build_artifacts/nest-asyncio_1617163391303/work
nodeenv==1.6.0
notebook @ file:///home/conda/feedstock_root/build_artifacts/notebook_1618415081862/work
numba @ file:///home/conda/feedstock_root/build_artifacts/numba_1616707882589/work
numpy==1.21.0
olefile==0.46
packaging @ file:///home/conda/feedstock_root/build_artifacts/packaging_1612459636436/work
pandas==1.2.4
pandocfilters==1.4.2
parso @ file:///home/conda/feedstock_root/build_artifacts/parso_1617148930513/work
pathspec==0.8.1
pathy @ file:///home/conda/feedstock_root/build_artifacts/pathy_1613487335210/work
pexpect @ file:///home/conda/feedstock_root/build_artifacts/pexpect_1602535608087/work
pickleshare @ file:///home/conda/feedstock_root/build_artifacts/pickleshare_1602536217715/work
Pillow @ file:///tmp/build/80754af9/pillow_1617385572585/work
plotly==4.1.1
pluggy==0.13.1
pooch @ file:///home/conda/feedstock_root/build_artifacts/pooch_1606467285986/work
pre-commit==2.12.1
preshed @ file:///tmp/build/80754af9/preshed_1621860846438/work
prometheus-client @ file:///home/conda/feedstock_root/build_artifacts/prometheus_client_1617909193315/work
prompt-toolkit @ file:///home/conda/feedstock_root/build_artifacts/prompt-toolkit_1616432837031/work
protobuf==3.15.8
ptyprocess @ file:///home/conda/feedstock_root/build_artifacts/ptyprocess_1609419310487/work/dist/ptyprocess-0.7.0-py2.py3-none-any.whl
py==1.10.0
pyasn1==0.4.8
pyasn1-modules==0.2.8
pyAudioAnalysis==0.3.7
pycodestyle==2.5.0
pycparser @ file:///home/conda/feedstock_root/build_artifacts/pycparser_1593275161868/work
pydantic @ file:///tmp/build/80754af9/pydantic_1606863402406/work
pydub==0.24.0
pyflakes==2.1.1
Pygments @ file:///home/conda/feedstock_root/build_artifacts/pygments_1620245170812/work
pyOpenSSL @ file:///home/conda/feedstock_root/build_artifacts/pyopenssl_1608055815057/work
pyparsing==2.4.7
pyrsistent @ file:///home/conda/feedstock_root/build_artifacts/pyrsistent_1610146801554/work
PySocks @ file:///home/conda/feedstock_root/build_artifacts/pysocks_1610291451001/work
pytest==5.4.1
python-dateutil==2.8.1
pytz @ file:///home/conda/feedstock_root/build_artifacts/pytz_1612179539967/work
PyYAML==5.4.1
pyzmq @ file:///home/conda/feedstock_root/build_artifacts/pyzmq_1614611691549/work
regex==2021.4.4
requests @ file:///home/conda/feedstock_root/build_artifacts/requests_1608156231189/work
resampy==0.2.2
retrying==1.3.3
rsa @ file:///tmp/build/80754af9/rsa_1614366226499/work
ruamel.yaml==0.17.4
ruamel.yaml.clib==0.2.2
s3transfer @ file:///tmp/build/80754af9/s3transfer_1616183147336/work
scikit-learn @ file:///tmp/build/80754af9/scikit-learn_1621370406642/work
scipy @ file:///tmp/build/80754af9/scipy_1618855955483/work
Send2Trash==1.5.0
sentencepiece==0.1.95
shellingham==1.3.1
simplejson==3.16.0
sip==4.19.13
six @ file:///home/conda/feedstock_root/build_artifacts/six_1620240208055/work
smart-open @ file:///tmp/build/80754af9/smart_open_1601999816595/work
sniffio @ file:///home/conda/feedstock_root/build_artifacts/sniffio_1610318319523/work
SoundFile @ file:///home/conda/feedstock_root/build_artifacts/pysoundfile_1607011569782/work
spacy @ file:///home/conda/feedstock_root/build_artifacts/spacy_1613311256193/work
spacy-legacy @ file:///home/conda/feedstock_root/build_artifacts/spacy-legacy_1619277335881/work
-e git+https://github.com/speechbrain/speechbrain.git@5a86e6a9c762bfadbca5bc41d153bb27a6576d3e#egg=speechbrain
srsly @ file:///home/conda/feedstock_root/build_artifacts/srsly_1612183502663/work
terminado @ file:///home/conda/feedstock_root/build_artifacts/terminado_1617048651963/work
testpath==0.4.4
thinc @ file:///home/conda/feedstock_root/build_artifacts/thinc_1619211942047/work
threadpoolctl @ file:///tmp/tmp79xdzxkt/threadpoolctl-2.1.0-py3-none-any.whl
toml==0.10.2
tomlkit @ file:///home/conda/feedstock_root/build_artifacts/tomlkit_1614274501310/work
torch==1.7.1
torchaudio==0.7.0a0+a853dff
torchvision==0.8.2
tornado @ file:///home/conda/feedstock_root/build_artifacts/tornado_1610094708661/work
tqdm @ file:///tmp/build/80754af9/tqdm_1615925068909/work
traitlets @ file:///home/conda/feedstock_root/build_artifacts/traitlets_1602771532708/work
typed-ast==1.4.3
typer @ file:///home/conda/feedstock_root/build_artifacts/typer_1595270522460/work
typing-extensions @ file:///home/ktietz/src/ci_mi/typing_extensions_1612808209620/work
urllib3 @ file:///home/conda/feedstock_root/build_artifacts/urllib3_1615828766818/work
virtualenv==20.4.6
wasabi @ file:///tmp/build/80754af9/wasabi_1612219178408/work
wcwidth @ file:///home/conda/feedstock_root/build_artifacts/wcwidth_1600965781394/work
webencodings==0.5.1
webrtcvad==2.0.10
yamllint==1.23.0
zipp @ file:///home/conda/feedstock_root/build_artifacts/zipp_1614945704755/work
==============================
Could not get git revision==============================
Cuda version:
10.1